<?xml version="1.0" encoding="UTF-8"?>
<testng-results skipped="0" failed="0" total="1" passed="1">
  <reporter-output>
  </reporter-output>
  <suite name="Default suite" duration-ms="120484" started-at="2022-07-08T19:31:29Z" finished-at="2022-07-08T19:33:29Z">
    <groups>
    </groups>
    <test name="Default test" duration-ms="120484" started-at="2022-07-08T19:31:29Z" finished-at="2022-07-08T19:33:29Z">
      <class name="testcase.EarPod">
        <test-method status="PASS" signature="launchBrowser()[pri:0, instance:testcase.EarPod@271053e1]" name="launchBrowser" is-config="true" duration-ms="23298" started-at="2022-07-09T01:01:29Z" finished-at="2022-07-09T01:01:52Z">
          <reporter-output>
          </reporter-output>
        </test-method> <!-- launchBrowser -->
        <test-method status="PASS" signature="GetOrderId()[pri:0, instance:testcase.EarPod@271053e1]" name="GetOrderId" duration-ms="89178" started-at="2022-07-09T01:01:52Z" finished-at="2022-07-09T01:03:21Z">
          <reporter-output>
          </reporter-output>
        </test-method> <!-- GetOrderId -->
        <test-method status="PASS" signature="terminateBrowser()[pri:0, instance:testcase.EarPod@271053e1]" name="terminateBrowser" is-config="true" duration-ms="7951" started-at="2022-07-09T01:03:21Z" finished-at="2022-07-09T01:03:29Z">
          <reporter-output>
          </reporter-output>
        </test-method> <!-- terminateBrowser -->
      </class> <!-- testcase.EarPod -->
    </test> <!-- Default test -->
  </suite> <!-- Default suite -->
</testng-results>
